<?xml version="1.0" encoding="UTF-8"?>
<!-- Generated by org.testng.reporters.JUnitXMLReporter -->
<testsuite ignored="0" hostname="SANTHOSH" failures="0" tests="16" name="Default test" time="465.826" errors="0" timestamp="2023-07-27T11:13:52 IST">
  <testcase classname="AdminTests.LoginTests" name="checkTheaddprodectToCartWithoutRegistration" time="24.262"/>
  <testcase classname="AdminTests.LoginTests" name="registrationWithOutMandatoryFilds" time="14.177"/>
  <testcase classname="AdminTests.LoginTests" name="toValiateUserCanLogInWithInValidcreds" time="4.391"/>
  <testcase classname="AdminTests.LoginTests" name="tryToGiveTheInvalidInputsInCustomerDateofBirth" time="32.811"/>
  <testcase classname="AdminTests.LoginTests" name="tryToSeeCartprotectWithoutRegister" time="11.097"/>
  <testcase classname="AdminTests.LoginTests" name="userCanAbleCheckTheAvailableUserName" time="6.857"/>
  <testcase classname="AdminTests.LoginTests" name="userCanAbleSearchTheProtects" time="21.342"/>
  <testcase classname="AdminTests.LoginTests" name="userCanAbleToAddNewProduct" time="31.222"/>
  <testcase classname="AdminTests.LoginTests" name="userCanAbleToLogOut" time="14.552"/>
  <testcase classname="AdminTests.LoginTests" name="userCanCreateTheNewCustomerWithExistingEmailId" time="30.129"/>
  <testcase classname="AdminTests.LoginTests" name="userCanLinkWithPaypalAccountWithoutRegistration" time="24.399"/>
  <testcase classname="AdminTests.LoginTests" name="userCanSeeTheOrdersInDashBoardBage" time="17.278"/>
  <testcase classname="AdminTests.LoginTests" name="userCanSetTheNewVendor" time="26.373"/>
  <testcase classname="AdminTests.LoginTests" name="validateIsAbleToSelectCurrentDateInAddNewCustamorPage" time="27.136"/>
  <testcase classname="AdminTests.LoginTests" name="verifyAdminIsLoginWithValidCred" time="12.734"/>
  <testcase classname="AdminTests.LoginTests" name="verifyWithUserCanRegister" time="8.2"/>
</testsuite> <!-- Default test -->
